# JRE version: OpenJDK Runtime Environment (11.0.8+10) (build 11.0.8+10-b944.6842174)
# Java VM: OpenJDK 64-Bit Server VM (11.0.8+10-b944.6842174, mixed mode, tiered, compressed oops, g1 gc, windows-amd64)
Heap:
 garbage-first heap   total 693248K, used 303876K [0x0000000080000000, 0x0000000100000000)
  region size 1024K, 3 young (3072K), 3 survivors (3072K)
 Metaspace       used 97669K, capacity 100075K, committed 100352K, reserved 1136640K
  class space    used 12369K, capacity 13262K, committed 13312K, reserved 1048576K
GC Heap History (20 events):
Event: 197.929 GC heap after
{Heap after GC invocations=85 (full 0):
 garbage-first heap   total 524288K, used 309760K [0x0000000080000000, 0x0000000100000000)
  region size 1024K, 8 young (8192K), 8 survivors (8192K)
 Metaspace       used 97273K, capacity 99706K, committed 99840K, reserved 1136640K
  class space    used 12357K, capacity 13249K, committed 13312K, reserved 1048576K
}
Event: 199.261 GC heap before
{Heap before GC invocations=85 (full 0):
 garbage-first heap   total 524288K, used 353792K [0x0000000080000000, 0x0000000100000000)
  region size 1024K, 81 young (82944K), 8 survivors (8192K)
 Metaspace       used 97388K, capacity 99795K, committed 100096K, reserved 1136640K
  class space    used 12363K, capacity 13235K, committed 13312K, reserved 1048576K
}
Event: 199.328 GC heap after
{Heap after GC invocations=86 (full 0):
 garbage-first heap   total 524288K, used 292352K [0x0000000080000000, 0x0000000100000000)
  region size 1024K, 11 young (11264K), 11 survivors (11264K)
 Metaspace       used 97388K, capacity 99795K, committed 100096K, reserved 1136640K
  class space    used 12363K, capacity 13235K, committed 13312K, reserved 1048576K
}
Event: 200.668 GC heap before
{Heap before GC invocations=87 (full 0):
 garbage-first heap   total 524288K, used 385536K [0x0000000080000000, 0x0000000100000000)
  region size 1024K, 96 young (98304K), 11 survivors (11264K)
 Metaspace       used 97618K, capacity 100022K, committed 100096K, reserved 1136640K
  class space    used 12373K, capacity 13268K, committed 13312K, reserved 1048576K
}
Event: 200.755 GC heap after
{Heap after GC invocations=88 (full 0):
 garbage-first heap   total 524288K, used 305792K [0x0000000080000000, 0x0000000100000000)
  region size 1024K, 7 young (7168K), 7 survivors (7168K)
 Metaspace       used 97618K, capacity 100022K, committed 100096K, reserved 1136640K
  class space    used 12373K, capacity 13268K, committed 13312K, reserved 1048576K
}
Event: 200.860 GC heap before
{Heap before GC invocations=88 (full 0):
 garbage-first heap   total 524288K, used 324224K [0x0000000080000000, 0x0000000100000000)
  region size 1024K, 25 young (25600K), 7 survivors (7168K)
 Metaspace       used 97621K, capacity 100022K, committed 100096K, reserved 1136640K
  class space    used 12373K, capacity 13268K, committed 13312K, reserved 1048576K
}
Event: 200.910 GC heap after
{Heap after GC invocations=89 (full 0):
 garbage-first heap   total 524288K, used 255488K [0x0000000080000000, 0x0000000100000000)
  region size 1024K, 2 young (2048K), 2 survivors (2048K)
 Metaspace       used 97621K, capacity 100022K, committed 100096K, reserved 1136640K
  class space    used 12373K, capacity 13268K, committed 13312K, reserved 1048576K
}
Event: 201.048 GC heap before
{Heap before GC invocations=89 (full 0):
 garbage-first heap   total 524288K, used 279040K [0x0000000080000000, 0x0000000100000000)
  region size 1024K, 25 young (25600K), 2 survivors (2048K)
 Metaspace       used 97628K, capacity 100022K, committed 100096K, reserved 1136640K
  class space    used 12373K, capacity 13268K, committed 13312K, reserved 1048576K
}
Event: 201.118 GC heap after
{Heap after GC invocations=90 (full 0):
 garbage-first heap   total 524288K, used 246626K [0x0000000080000000, 0x0000000100000000)
  region size 1024K, 3 young (3072K), 3 survivors (3072K)
 Metaspace       used 97628K, capacity 100022K, committed 100096K, reserved 1136640K
  class space    used 12373K, capacity 13268K, committed 13312K, reserved 1048576K
}
Event: 201.121 GC heap before
{Heap before GC invocations=90 (full 0):
 garbage-first heap   total 524288K, used 247650K [0x0000000080000000, 0x0000000100000000)
  region size 1024K, 5 young (5120K), 3 survivors (3072K)
 Metaspace       used 97628K, capacity 100022K, committed 100096K, reserved 1136640K
  class space    used 12373K, capacity 13268K, committed 13312K, reserved 1048576K
}
Event: 201.135 GC heap after
{Heap after GC invocations=91 (full 0):
 garbage-first heap   total 524288K, used 246726K [0x0000000080000000, 0x0000000100000000)
  region size 1024K, 3 young (3072K), 3 survivors (3072K)
 Metaspace       used 97628K, capacity 100022K, committed 100096K, reserved 1136640K
  class space    used 12373K, capacity 13268K, committed 13312K, reserved 1048576K
}
Event: 202.276 GC heap before
{Heap before GC invocations=91 (full 0):
 garbage-first heap   total 524288K, used 372678K [0x0000000080000000, 0x0000000100000000)
  region size 1024K, 114 young (116736K), 3 survivors (3072K)
 Metaspace       used 97627K, capacity 100008K, committed 100096K, reserved 1136640K
  class space    used 12369K, capacity 13262K, committed 13312K, reserved 1048576K
}
Event: 202.305 GC heap after
{Heap after GC invocations=92 (full 0):
 garbage-first heap   total 524288K, used 267901K [0x0000000080000000, 0x0000000100000000)
  region size 1024K, 12 young (12288K), 12 survivors (12288K)
 Metaspace       used 97627K, capacity 100008K, committed 100096K, reserved 1136640K
  class space    used 12369K, capacity 13262K, committed 13312K, reserved 1048576K
}
Event: 202.845 GC heap before
{Heap before GC invocations=93 (full 0):
 garbage-first heap   total 524288K, used 395901K [0x0000000080000000, 0x0000000100000000)
  region size 1024K, 122 young (124928K), 12 survivors (12288K)
 Metaspace       used 97641K, capacity 100010K, committed 100096K, reserved 1136640K
  class space    used 12369K, capacity 13262K, committed 13312K, reserved 1048576K
}
Event: 202.891 GC heap after
{Heap after GC invocations=94 (full 0):
 garbage-first heap   total 524288K, used 296510K [0x0000000080000000, 0x0000000100000000)
  region size 1024K, 14 young (14336K), 14 survivors (14336K)
 Metaspace       used 97641K, capacity 100010K, committed 100096K, reserved 1136640K
  class space    used 12369K, capacity 13262K, committed 13312K, reserved 1048576K
}
Event: 202.908 GC heap before
{Heap before GC invocations=94 (full 0):
 garbage-first heap   total 524288K, used 307774K [0x0000000080000000, 0x0000000100000000)
  region size 1024K, 25 young (25600K), 14 survivors (14336K)
 Metaspace       used 97641K, capacity 100010K, committed 100096K, reserved 1136640K
  class space    used 12369K, capacity 13262K, committed 13312K, reserved 1048576K
}
Event: 202.954 GC heap after
{Heap after GC invocations=95 (full 0):
 garbage-first heap   total 524288K, used 294593K [0x0000000080000000, 0x0000000100000000)
  region size 1024K, 3 young (3072K), 3 survivors (3072K)
 Metaspace       used 97641K, capacity 100010K, committed 100096K, reserved 1136640K
  class space    used 12369K, capacity 13262K, committed 13312K, reserved 1048576K
}
Event: 203.255 GC heap before
{Heap before GC invocations=95 (full 0):
 garbage-first heap   total 524288K, used 412353K [0x0000000080000000, 0x0000000100000000)
  region size 1024K, 106 young (108544K), 3 survivors (3072K)
 Metaspace       used 97646K, capacity 100011K, committed 100096K, reserved 1136640K
  class space    used 12369K, capacity 13262K, committed 13312K, reserved 1048576K
}
Event: 203.278 GC heap after
{Heap after GC invocations=96 (full 0):
 garbage-first heap   total 524288K, used 319285K [0x0000000080000000, 0x0000000100000000)
  region size 1024K, 14 young (14336K), 14 survivors (14336K)
 Metaspace       used 97646K, capacity 100011K, committed 100096K, reserved 1136640K
  class space    used 12369K, capacity 13262K, committed 13312K, reserved 1048576K
}
Event: 204.193 GC heap before
{Heap before GC invocations=96 (full 0):
 garbage-first heap   total 524288K, used 410421K [0x0000000080000000, 0x0000000100000000)
  region size 1024K, 108 young (110592K), 14 survivors (14336K)
 Metaspace       used 97669K, capacity 100075K, committed 100352K, reserved 1136640K
  class space    used 12369K, capacity 13262K, committed 13312K, reserved 1048576K
}

