# JRE version: OpenJDK Runtime Environment (11.0.8+10) (build 11.0.8+10-b944.6842174)
# Java VM: OpenJDK 64-Bit Server VM (11.0.8+10-b944.6842174, mixed mode, tiered, compressed oops, g1 gc, windows-amd64)
Heap:
 garbage-first heap   total 1156096K, used 170223K [0x0000000080000000, 0x0000000100000000)
  region size 1024K, 12 young (12288K), 12 survivors (12288K)
 Metaspace       used 136487K, capacity 139682K, committed 139900K, reserved 1171456K
  class space    used 16473K, capacity 17615K, committed 17664K, reserved 1048576K
GC Heap History (20 events):
Event: 3586.190 GC heap after
{Heap after GC invocations=188 (full 0):
 garbage-first heap   total 294912K, used 152863K [0x0000000080000000, 0x0000000100000000)
  region size 1024K, 13 young (13312K), 13 survivors (13312K)
 Metaspace       used 136274K, capacity 139465K, committed 139644K, reserved 1171456K
  class space    used 16456K, capacity 17595K, committed 17664K, reserved 1048576K
}
Event: 3586.959 GC heap before
{Heap before GC invocations=189 (full 0):
 garbage-first heap   total 294912K, used 238879K [0x0000000080000000, 0x0000000100000000)
  region size 1024K, 93 young (95232K), 13 survivors (13312K)
 Metaspace       used 136377K, capacity 139594K, committed 139900K, reserved 1171456K
  class space    used 16465K, capacity 17609K, committed 17664K, reserved 1048576K
}
Event: 3586.997 GC heap after
{Heap after GC invocations=190 (full 0):
 garbage-first heap   total 294912K, used 156131K [0x0000000080000000, 0x0000000100000000)
  region size 1024K, 7 young (7168K), 7 survivors (7168K)
 Metaspace       used 136377K, capacity 139594K, committed 139900K, reserved 1171456K
  class space    used 16465K, capacity 17609K, committed 17664K, reserved 1048576K
}
Event: 3587.033 GC heap before
{Heap before GC invocations=190 (full 0):
 garbage-first heap   total 294912K, used 163299K [0x0000000080000000, 0x0000000100000000)
  region size 1024K, 14 young (14336K), 7 survivors (7168K)
 Metaspace       used 136377K, capacity 139594K, committed 139900K, reserved 1171456K
  class space    used 16465K, capacity 17609K, committed 17664K, reserved 1048576K
}
Event: 3587.256 GC heap after
{Heap after GC invocations=191 (full 0):
 garbage-first heap   total 527360K, used 154319K [0x0000000080000000, 0x0000000100000000)
  region size 1024K, 1 young (1024K), 1 survivors (1024K)
 Metaspace       used 136377K, capacity 139594K, committed 139900K, reserved 1171456K
  class space    used 16465K, capacity 17609K, committed 17664K, reserved 1048576K
}
Event: 3590.135 GC heap before
{Heap before GC invocations=191 (full 0):
 garbage-first heap   total 527360K, used 293583K [0x0000000080000000, 0x0000000100000000)
  region size 1024K, 137 young (140288K), 1 survivors (1024K)
 Metaspace       used 136413K, capacity 139603K, committed 139900K, reserved 1171456K
  class space    used 16471K, capacity 17612K, committed 17664K, reserved 1048576K
}
Event: 3591.657 GC heap after
{Heap after GC invocations=192 (full 0):
 garbage-first heap   total 527360K, used 155325K [0x0000000080000000, 0x0000000100000000)
  region size 1024K, 2 young (2048K), 2 survivors (2048K)
 Metaspace       used 136413K, capacity 139603K, committed 139900K, reserved 1171456K
  class space    used 16471K, capacity 17612K, committed 17664K, reserved 1048576K
}
Event: 3595.371 GC heap before
{Heap before GC invocations=192 (full 0):
 garbage-first heap   total 527360K, used 178877K [0x0000000080000000, 0x0000000100000000)
  region size 1024K, 25 young (25600K), 2 survivors (2048K)
 Metaspace       used 136413K, capacity 139603K, committed 139900K, reserved 1171456K
  class space    used 16471K, capacity 17612K, committed 17664K, reserved 1048576K
}
Event: 3595.375 GC heap after
{Heap after GC invocations=193 (full 0):
 garbage-first heap   total 527360K, used 155076K [0x0000000080000000, 0x0000000100000000)
  region size 1024K, 2 young (2048K), 2 survivors (2048K)
 Metaspace       used 136413K, capacity 139603K, committed 139900K, reserved 1171456K
  class space    used 16471K, capacity 17612K, committed 17664K, reserved 1048576K
}
Event: 3595.549 GC heap before
{Heap before GC invocations=193 (full 0):
 garbage-first heap   total 527360K, used 178628K [0x0000000080000000, 0x0000000100000000)
  region size 1024K, 25 young (25600K), 2 survivors (2048K)
 Metaspace       used 136417K, capacity 139603K, committed 139900K, reserved 1171456K
  class space    used 16471K, capacity 17612K, committed 17664K, reserved 1048576K
}
Event: 3595.557 GC heap after
{Heap after GC invocations=194 (full 0):
 garbage-first heap   total 527360K, used 155296K [0x0000000080000000, 0x0000000100000000)
  region size 1024K, 2 young (2048K), 2 survivors (2048K)
 Metaspace       used 136417K, capacity 139603K, committed 139900K, reserved 1171456K
  class space    used 16471K, capacity 17612K, committed 17664K, reserved 1048576K
}
Event: 3595.838 GC heap before
{Heap before GC invocations=194 (full 0):
 garbage-first heap   total 527360K, used 178848K [0x0000000080000000, 0x0000000100000000)
  region size 1024K, 25 young (25600K), 2 survivors (2048K)
 Metaspace       used 136420K, capacity 139603K, committed 139900K, reserved 1171456K
  class space    used 16471K, capacity 17612K, committed 17664K, reserved 1048576K
}
Event: 3595.847 GC heap after
{Heap after GC invocations=195 (full 0):
 garbage-first heap   total 527360K, used 155343K [0x0000000080000000, 0x0000000100000000)
  region size 1024K, 2 young (2048K), 2 survivors (2048K)
 Metaspace       used 136420K, capacity 139603K, committed 139900K, reserved 1171456K
  class space    used 16471K, capacity 17612K, committed 17664K, reserved 1048576K
}
Event: 3596.045 GC heap before
{Heap before GC invocations=195 (full 0):
 garbage-first heap   total 527360K, used 178895K [0x0000000080000000, 0x0000000100000000)
  region size 1024K, 26 young (26624K), 2 survivors (2048K)
 Metaspace       used 136430K, capacity 139609K, committed 139900K, reserved 1171456K
  class space    used 16472K, capacity 17613K, committed 17664K, reserved 1048576K
}
Event: 3596.050 GC heap after
{Heap after GC invocations=196 (full 0):
 garbage-first heap   total 527360K, used 155722K [0x0000000080000000, 0x0000000100000000)
  region size 1024K, 3 young (3072K), 3 survivors (3072K)
 Metaspace       used 136430K, capacity 139609K, committed 139900K, reserved 1171456K
  class space    used 16472K, capacity 17613K, committed 17664K, reserved 1048576K
}
Event: 3597.459 GC heap before
{Heap before GC invocations=196 (full 0):
 garbage-first heap   total 527360K, used 362570K [0x0000000080000000, 0x0000000100000000)
  region size 1024K, 206 young (210944K), 3 survivors (3072K)
 Metaspace       used 136457K, capacity 139682K, committed 139900K, reserved 1171456K
  class space    used 16473K, capacity 17615K, committed 17664K, reserved 1048576K
}
Event: 3597.520 GC heap after
{Heap after GC invocations=197 (full 0):
 garbage-first heap   total 527360K, used 161013K [0x0000000080000000, 0x0000000100000000)
  region size 1024K, 8 young (8192K), 8 survivors (8192K)
 Metaspace       used 136457K, capacity 139682K, committed 139900K, reserved 1171456K
  class space    used 16473K, capacity 17615K, committed 17664K, reserved 1048576K
}
Event: 3601.725 GC heap before
{Heap before GC invocations=197 (full 0):
 garbage-first heap   total 527360K, used 420085K [0x0000000080000000, 0x0000000100000000)
  region size 1024K, 262 young (268288K), 8 survivors (8192K)
 Metaspace       used 136474K, capacity 139682K, committed 139900K, reserved 1171456K
  class space    used 16473K, capacity 17615K, committed 17664K, reserved 1048576K
}
Event: 3601.838 GC heap after
{Heap after GC invocations=198 (full 0):
 garbage-first heap   total 527360K, used 171010K [0x0000000080000000, 0x0000000100000000)
  region size 1024K, 18 young (18432K), 18 survivors (18432K)
 Metaspace       used 136474K, capacity 139682K, committed 139900K, reserved 1171456K
  class space    used 16473K, capacity 17615K, committed 17664K, reserved 1048576K
}
Event: 3603.441 GC heap before
{Heap before GC invocations=198 (full 0):
 garbage-first heap   total 527360K, used 376834K [0x0000000080000000, 0x0000000100000000)
  region size 1024K, 219 young (224256K), 18 survivors (18432K)
 Metaspace       used 136487K, capacity 139682K, committed 139900K, reserved 1171456K
  class space    used 16473K, capacity 17615K, committed 17664K, reserved 1048576K
}

